<?xml version="1.0" encoding="UTF-8"?>
<!-- Generated by org.testng.reporters.JUnitXMLReporter -->
<testsuite ignored="0" hostname="ayaansh" failures="1" tests="2" name="Test" time="7.837" errors="0" timestamp="2024-02-06T10:19:57 IST">
  <testcase classname="BaseMethod.demo" name="test1" time="1.11"/>
  <testcase classname="BaseMethod.demo" name="test2" time="2.218">
    <failure type="java.lang.AssertionError" message="expected [google] but found [Your Store]">
      <![CDATA[java.lang.AssertionError: expected [google] but found [Your Store]
at BaseMethod.demo.test2(demo.java:139)
at java.base/java.util.ArrayList.forEach(ArrayList.java:1596)
... Removed 31 stack frames]]>
    </failure>
  </testcase> <!-- test2 -->
</testsuite> <!-- Test -->
