<?xml version="1.0" encoding="UTF-8"?>
<testng-results ignored="0" total="1" passed="1" failed="0" skipped="0">
  <reporter-output>
  </reporter-output>
  <suite started-at="2024-02-05T22:09:45 IST" name="Suite" finished-at="2024-02-05T22:09:49 IST" duration-ms="4426">
    <groups>
    </groups>
    <test started-at="2024-02-05T22:09:45 IST" name="Test" finished-at="2024-02-05T22:09:49 IST" duration-ms="4426">
      <class name="BaseMethod.demo">
        <test-method signature="test()[pri:0, instance:BaseMethod.demo@5542c4ed]" started-at="2024-02-05T22:09:45 IST" name="test" finished-at="2024-02-05T22:09:49 IST" duration-ms="4383" status="PASS">
          <reporter-output>
          </reporter-output>
        </test-method> <!-- test -->
      </class> <!-- BaseMethod.demo -->
    </test> <!-- Test -->
  </suite> <!-- Suite -->
</testng-results>
