<?xml version="1.0" encoding="UTF-8"?>
<testng-results ignored="0" total="2" passed="2" failed="0" skipped="0">
  <reporter-output>
  </reporter-output>
  <suite started-at="2024-02-06T15:36:59 IST" name="Suite" finished-at="2024-02-06T15:37:07 IST" duration-ms="7756">
    <groups>
      <group name="functional">
        <method signature="demo.test2()[pri:0, instance:BaseMethod.demo@24313fcc]" name="test2" class="BaseMethod.demo"/>
      </group> <!-- functional -->
      <group name="regression">
        <method signature="demo.test2()[pri:0, instance:BaseMethod.demo@24313fcc]" name="test2" class="BaseMethod.demo"/>
      </group> <!-- regression -->
      <group name="smoke">
        <method signature="demo.test1()[pri:0, instance:BaseMethod.demo@24313fcc]" name="test1" class="BaseMethod.demo"/>
        <method signature="demo.test2()[pri:0, instance:BaseMethod.demo@24313fcc]" name="test2" class="BaseMethod.demo"/>
      </group> <!-- smoke -->
      <group name="sanity">
        <method signature="demo.test1()[pri:0, instance:BaseMethod.demo@24313fcc]" name="test1" class="BaseMethod.demo"/>
      </group> <!-- sanity -->
    </groups>
    <test started-at="2024-02-06T15:36:59 IST" name="Test" finished-at="2024-02-06T15:37:07 IST" duration-ms="7756">
      <class name="BaseMethod.demo">
        <test-method is-config="true" signature="initialiseReports()[pri:0, instance:BaseMethod.demo@24313fcc]" started-at="2024-02-06T15:36:59 IST" name="initialiseReports" finished-at="2024-02-06T15:36:59 IST" duration-ms="310" status="PASS">
          <reporter-output>
          </reporter-output>
        </test-method> <!-- initialiseReports -->
        <test-method is-config="true" signature="initialiseBrowser(org.testng.ITestContext)[pri:0, instance:BaseMethod.demo@24313fcc]" started-at="2024-02-06T15:36:59 IST" name="initialiseBrowser" finished-at="2024-02-06T15:37:03 IST" duration-ms="4181" status="PASS">
          <params>
            <param index="0">
              <value>
                <![CDATA[org.testng.TestRunner@5974b7e8]]>
              </value>
            </param>
          </params>
          <reporter-output>
          </reporter-output>
        </test-method> <!-- initialiseBrowser -->
        <test-method is-config="true" signature="getStatus(java.lang.reflect.Method)[pri:0, instance:BaseMethod.demo@24313fcc]" started-at="2024-02-06T15:37:03 IST" name="getStatus" finished-at="2024-02-06T15:37:03 IST" duration-ms="2" status="PASS">
          <params>
            <param index="0">
              <value>
                <![CDATA[public void BaseMethod.demo.test1()]]>
              </value>
            </param>
          </params>
          <reporter-output>
          </reporter-output>
        </test-method> <!-- getStatus -->
        <test-method signature="test1()[pri:0, instance:BaseMethod.demo@24313fcc]" started-at="2024-02-06T15:37:03 IST" name="test1" finished-at="2024-02-06T15:37:05 IST" duration-ms="1190" status="PASS">
          <reporter-output>
          </reporter-output>
        </test-method> <!-- test1 -->
        <test-method is-config="true" signature="getGroupStatus(java.lang.reflect.Method,org.testng.ITestResult)[pri:0, instance:BaseMethod.demo@24313fcc]" started-at="2024-02-06T15:37:05 IST" name="getGroupStatus" finished-at="2024-02-06T15:37:05 IST" duration-ms="10" status="PASS">
          <params>
            <param index="0">
              <value>
                <![CDATA[public void BaseMethod.demo.test1()]]>
              </value>
            </param>
            <param index="1">
              <value>
                <![CDATA[[TestResult name=test1 status=SUCCESS method=demo.test1()[pri:0, instance:BaseMethod.demo@24313fcc] output={null}]]]>
              </value>
            </param>
          </params>
          <reporter-output>
          </reporter-output>
        </test-method> <!-- getGroupStatus -->
        <test-method is-config="true" signature="getStatus(java.lang.reflect.Method)[pri:0, instance:BaseMethod.demo@24313fcc]" started-at="2024-02-06T15:37:05 IST" name="getStatus" finished-at="2024-02-06T15:37:05 IST" duration-ms="2" status="PASS">
          <params>
            <param index="0">
              <value>
                <![CDATA[public void BaseMethod.demo.test2()]]>
              </value>
            </param>
          </params>
          <reporter-output>
          </reporter-output>
        </test-method> <!-- getStatus -->
        <test-method signature="test2()[pri:0, instance:BaseMethod.demo@24313fcc]" started-at="2024-02-06T15:37:05 IST" name="test2" finished-at="2024-02-06T15:37:07 IST" duration-ms="2023" status="PASS">
          <reporter-output>
          </reporter-output>
        </test-method> <!-- test2 -->
        <test-method is-config="true" signature="getGroupStatus(java.lang.reflect.Method,org.testng.ITestResult)[pri:0, instance:BaseMethod.demo@24313fcc]" started-at="2024-02-06T15:37:07 IST" name="getGroupStatus" finished-at="2024-02-06T15:37:07 IST" duration-ms="2" status="PASS">
          <params>
            <param index="0">
              <value>
                <![CDATA[public void BaseMethod.demo.test2()]]>
              </value>
            </param>
            <param index="1">
              <value>
                <![CDATA[[TestResult name=test2 status=SUCCESS method=demo.test2()[pri:0, instance:BaseMethod.demo@24313fcc] output={null}]]]>
              </value>
            </param>
          </params>
          <reporter-output>
          </reporter-output>
        </test-method> <!-- getGroupStatus -->
        <test-method is-config="true" signature="tearDown()[pri:0, instance:BaseMethod.demo@24313fcc]" started-at="2024-02-06T15:37:07 IST" name="tearDown" finished-at="2024-02-06T15:37:07 IST" duration-ms="273" status="PASS">
          <reporter-output>
          </reporter-output>
        </test-method> <!-- tearDown -->
        <test-method is-config="true" signature="flushReports()[pri:0, instance:BaseMethod.demo@24313fcc]" started-at="2024-02-06T15:37:07 IST" name="flushReports" finished-at="2024-02-06T15:37:08 IST" duration-ms="608" status="FAIL">
          <exception class="java.io.IOException">
            <message>
              <![CDATA[Failed to open file:/C:/Users/abhil/git/Albertsons/Albertsons/./ExtentReports/06022024153659.html. Error message: The system cannot find the file specified.
]]>
            </message>
            <full-stacktrace>
              <![CDATA[java.io.IOException: Failed to open file:/C:/Users/abhil/git/Albertsons/Albertsons/./ExtentReports/06022024153659.html. Error message: The system cannot find the file specified.

at java.desktop/sun.awt.windows.WDesktopPeer.ShellExecute(WDesktopPeer.java:115)
at java.desktop/sun.awt.windows.WDesktopPeer.browse(WDesktopPeer.java:101)
at java.desktop/java.awt.Desktop.browse(Desktop.java:533)
at BaseMethod.demo.flushReports(demo.java:85)
at java.base/jdk.internal.reflect.DirectMethodHandleAccessor.invoke(DirectMethodHandleAccessor.java:103)
at java.base/java.lang.reflect.Method.invoke(Method.java:580)
at org.testng.internal.invokers.MethodInvocationHelper.invokeMethod(MethodInvocationHelper.java:139)
at org.testng.internal.invokers.MethodInvocationHelper.invokeMethodConsideringTimeout(MethodInvocationHelper.java:69)
at org.testng.internal.invokers.ConfigInvoker.invokeConfigurationMethod(ConfigInvoker.java:390)
at org.testng.internal.invokers.ConfigInvoker.invokeConfigurations(ConfigInvoker.java:325)
at org.testng.SuiteRunner.privateRun(SuiteRunner.java:410)
at org.testng.SuiteRunner.run(SuiteRunner.java:336)
at org.testng.SuiteRunnerWorker.runSuite(SuiteRunnerWorker.java:52)
at org.testng.SuiteRunnerWorker.run(SuiteRunnerWorker.java:95)
at org.testng.TestNG.runSuitesSequentially(TestNG.java:1280)
at org.testng.TestNG.runSuitesLocally(TestNG.java:1200)
at org.testng.TestNG.runSuites(TestNG.java:1114)
at org.testng.TestNG.run(TestNG.java:1082)
at org.testng.remote.AbstractRemoteTestNG.run(AbstractRemoteTestNG.java:115)
at org.testng.remote.RemoteTestNG.initAndRun(RemoteTestNG.java:251)
at org.testng.remote.RemoteTestNG.main(RemoteTestNG.java:77)
]]>
            </full-stacktrace>
          </exception> <!-- java.io.IOException -->
          <reporter-output>
          </reporter-output>
        </test-method> <!-- flushReports -->
      </class> <!-- BaseMethod.demo -->
    </test> <!-- Test -->
  </suite> <!-- Suite -->
</testng-results>
