<?xml version="1.0" encoding="UTF-8"?>
<testng-results ignored="0" total="1" passed="1" failed="0" skipped="0">
  <reporter-output>
  </reporter-output>
  <suite started-at="2024-02-06T22:03:06 IST" name="Default suite" finished-at="2024-02-06T22:03:16 IST" duration-ms="10120">
    <groups>
      <group name="functional">
        <method signature="demo.test2()[pri:0, instance:BaseMethod.demo@5e5d171f]" name="test2" class="BaseMethod.demo"/>
      </group> <!-- functional -->
      <group name="regression">
        <method signature="demo.test2()[pri:0, instance:BaseMethod.demo@5e5d171f]" name="test2" class="BaseMethod.demo"/>
      </group> <!-- regression -->
      <group name="smoke">
        <method signature="demo.test2()[pri:0, instance:BaseMethod.demo@5e5d171f]" name="test2" class="BaseMethod.demo"/>
      </group> <!-- smoke -->
    </groups>
    <test started-at="2024-02-06T22:03:06 IST" name="Default test" finished-at="2024-02-06T22:03:16 IST" duration-ms="10120">
      <class name="BaseMethod.demo">
        <test-method is-config="true" signature="initialiseReports()[pri:0, instance:BaseMethod.demo@5e5d171f]" started-at="2024-02-06T22:03:06 IST" name="initialiseReports" finished-at="2024-02-06T22:03:06 IST" duration-ms="280" status="PASS">
          <reporter-output>
          </reporter-output>
        </test-method> <!-- initialiseReports -->
        <test-method is-config="true" signature="initialiseBrowser(org.testng.ITestContext)[pri:0, instance:BaseMethod.demo@5e5d171f]" started-at="2024-02-06T22:03:06 IST" name="initialiseBrowser" finished-at="2024-02-06T22:03:10 IST" duration-ms="3315" status="PASS">
          <params>
            <param index="0">
              <value>
                <![CDATA[org.testng.TestRunner@7c0f28f8]]>
              </value>
            </param>
          </params>
          <reporter-output>
          </reporter-output>
        </test-method> <!-- initialiseBrowser -->
        <test-method is-config="true" signature="getStatus(java.lang.reflect.Method)[pri:0, instance:BaseMethod.demo@5e5d171f]" started-at="2024-02-06T22:03:10 IST" name="getStatus" finished-at="2024-02-06T22:03:10 IST" duration-ms="2" status="PASS">
          <params>
            <param index="0">
              <value>
                <![CDATA[public void BaseMethod.demo.test2()]]>
              </value>
            </param>
          </params>
          <reporter-output>
          </reporter-output>
        </test-method> <!-- getStatus -->
        <test-method signature="test2()[pri:0, instance:BaseMethod.demo@5e5d171f]" started-at="2024-02-06T22:03:10 IST" name="test2" finished-at="2024-02-06T22:03:16 IST" duration-ms="6559" status="PASS">
          <reporter-output>
          </reporter-output>
        </test-method> <!-- test2 -->
        <test-method is-config="true" signature="getGroupStatus(java.lang.reflect.Method,org.testng.ITestResult)[pri:0, instance:BaseMethod.demo@5e5d171f]" started-at="2024-02-06T22:03:16 IST" name="getGroupStatus" finished-at="2024-02-06T22:03:16 IST" duration-ms="8" status="PASS">
          <params>
            <param index="0">
              <value>
                <![CDATA[public void BaseMethod.demo.test2()]]>
              </value>
            </param>
            <param index="1">
              <value>
                <![CDATA[[TestResult name=test2 status=SUCCESS method=demo.test2()[pri:0, instance:BaseMethod.demo@5e5d171f] output={null}]]]>
              </value>
            </param>
          </params>
          <reporter-output>
          </reporter-output>
        </test-method> <!-- getGroupStatus -->
        <test-method is-config="true" signature="tearDown()[pri:0, instance:BaseMethod.demo@5e5d171f]" started-at="2024-02-06T22:03:16 IST" name="tearDown" finished-at="2024-02-06T22:03:16 IST" duration-ms="178" status="PASS">
          <reporter-output>
          </reporter-output>
        </test-method> <!-- tearDown -->
        <test-method is-config="true" signature="flushReports()[pri:0, instance:BaseMethod.demo@5e5d171f]" started-at="2024-02-06T22:03:17 IST" name="flushReports" finished-at="2024-02-06T22:03:18 IST" duration-ms="1502" status="PASS">
          <reporter-output>
          </reporter-output>
        </test-method> <!-- flushReports -->
      </class> <!-- BaseMethod.demo -->
    </test> <!-- Default test -->
  </suite> <!-- Default suite -->
</testng-results>
